<?xml version="1.0" encoding="UTF-8"?>
<!-- Generated by org.testng.reporters.JUnitXMLReporter -->
<testsuite ignored="2" hostname="localhost" failures="0" tests="2" name="/Users/itszb/IdeaProjects/autoTest" time="69.854" errors="0" timestamp="02 6月 2020 08:26:55 GMT">
  <testcase classname="org.testing.gacha.Case.login" name="plus" time="20.425"/>
  <testcase classname="org.testing.gacha.Case.login" name="login" time="28.581"/>
  <testcase classname="org.testing.gacha.Case.befClass" name="@BeforeTest setup" time="0.0">
    <ignored/>
  </testcase> <!-- @BeforeTest setup -->
  <testcase classname="org.testing.gacha.Case.befClass" name="@AfterTest tearDown" time="0.0">
    <ignored/>
  </testcase> <!-- @AfterTest tearDown -->
</testsuite> <!-- /Users/itszb/IdeaProjects/autoTest -->
