<?xml version="1.0" encoding="UTF-8"?>
<testng-results ignored="2" total="4" passed="0" failed="0" skipped="2">
  <reporter-output>
  </reporter-output>
  <suite started-at="2020-06-02T10:25:33Z" name="All Test Suite" finished-at="2020-06-02T10:25:34Z" duration-ms="928">
    <groups>
    </groups>
    <test started-at="2020-06-02T10:25:33Z" name="/Users/itszb/IdeaProjects/autoTest" finished-at="2020-06-02T10:25:34Z" duration-ms="928">
      <class name="org.testing.gacha.Case.befClass">
        <test-method is-config="true" signature="setup()[pri:0, instance:org.testing.gacha.Case.befClass@31f9b85e]" started-at="2020-06-02T18:25:33Z" name="setup" finished-at="2020-06-02T18:25:34Z" duration-ms="841" status="FAIL">
          <exception class="org.openqa.selenium.WebDriverException">
            <message>
              <![CDATA[Connection refused (Connection refused)Build info: version: '3.12.0', revision: '7c6e0b3', time: '2018-05-08T14:04:26.12Z'System info: host: 'localhost', ip: '127.0.0.1', os.name: 'Mac OS X', os.arch: 'x86_64', os.version: '10.14.6', java.version: '11.0.4'Driver info: driver.version: AndroidDriver]]>
            </message>
            <full-stacktrace>
              <![CDATA[org.openqa.selenium.WebDriverException: Connection refused (Connection refused)Build info: version: '3.12.0', revision: '7c6e0b3', time: '2018-05-08T14:04:26.12Z'System info: host: 'localhost', ip: '127.0.0.1', os.name: 'Mac OS X', os.arch: 'x86_64', os.version: '10.14.6', java.version: '11.0.4'Driver info: driver.version: AndroidDriverat io.appium.java_client.remote.AppiumCommandExecutor.lambda$2(AppiumCommandExecutor.java:243)at java.base/java.util.Optional.orElseGet(Optional.java:369)at io.appium.java_client.remote.AppiumCommandExecutor.execute(AppiumCommandExecutor.java:242)at org.openqa.selenium.remote.RemoteWebDriver.execute(RemoteWebDriver.java:543)at io.appium.java_client.DefaultGenericMobileDriver.execute(DefaultGenericMobileDriver.java:42)at io.appium.java_client.AppiumDriver.execute(AppiumDriver.java:1)at io.appium.java_client.android.AndroidDriver.execute(AndroidDriver.java:1)at org.openqa.selenium.remote.RemoteWebDriver.startSession(RemoteWebDriver.java:207)at org.openqa.selenium.remote.RemoteWebDriver.<init>(RemoteWebDriver.java:130)at io.appium.java_client.DefaultGenericMobileDriver.<init>(DefaultGenericMobileDriver.java:38)at io.appium.java_client.AppiumDriver.<init>(AppiumDriver.java:84)at io.appium.java_client.AppiumDriver.<init>(AppiumDriver.java:94)at io.appium.java_client.android.AndroidDriver.<init>(AndroidDriver.java:93)at org.testing.gacha.Case.befClass.setup(befClass.java:66)at java.base/jdk.internal.reflect.NativeMethodAccessorImpl.invoke0(Native Method)at java.base/jdk.internal.reflect.NativeMethodAccessorImpl.invoke(NativeMethodAccessorImpl.java:62)at java.base/jdk.internal.reflect.DelegatingMethodAccessorImpl.invoke(DelegatingMethodAccessorImpl.java:43)at java.base/java.lang.reflect.Method.invoke(Method.java:566)at org.testng.internal.MethodInvocationHelper.invokeMethod(MethodInvocationHelper.java:124)at org.testng.internal.MethodInvocationHelper.invokeMethodConsideringTimeout(MethodInvocationHelper.java:59)at org.testng.internal.Invoker.invokeConfigurationMethod(Invoker.java:451)at org.testng.internal.Invoker.invokeConfigurations(Invoker.java:222)at org.testng.internal.Invoker.invokeConfigurations(Invoker.java:142)at org.testng.TestRunner.beforeRun(TestRunner.java:529)at org.testng.TestRunner.run(TestRunner.java:497)at org.testng.SuiteRunner.runTest(SuiteRunner.java:455)at org.testng.SuiteRunner.runSequentially(SuiteRunner.java:450)at org.testng.SuiteRunner.privateRun(SuiteRunner.java:415)at org.testng.SuiteRunner.run(SuiteRunner.java:364)at org.testng.SuiteRunnerWorker.runSuite(SuiteRunnerWorker.java:52)at org.testng.SuiteRunnerWorker.run(SuiteRunnerWorker.java:84)at org.testng.TestNG.runSuitesSequentially(TestNG.java:1187)at org.testng.TestNG.runSuitesLocally(TestNG.java:1116)at org.testng.TestNG.runSuites(TestNG.java:1028)at org.testng.TestNG.run(TestNG.java:996)at org.testng.IDEARemoteTestNG.run(IDEARemoteTestNG.java:73)at org.testng.RemoteTestNGStarter.main(RemoteTestNGStarter.java:123)Caused by: java.net.ConnectException: Connection refused (Connection refused)at java.base/java.net.PlainSocketImpl.socketConnect(Native Method)at java.base/java.net.AbstractPlainSocketImpl.doConnect(AbstractPlainSocketImpl.java:399)at java.base/java.net.AbstractPlainSocketImpl.connectToAddress(AbstractPlainSocketImpl.java:242)at java.base/java.net.AbstractPlainSocketImpl.connect(AbstractPlainSocketImpl.java:224)at java.base/java.net.SocksSocketImpl.connect(SocksSocketImpl.java:403)at java.base/java.net.Socket.connect(Socket.java:591)at okhttp3.internal.platform.Platform.connectSocket(Platform.java:125)at okhttp3.internal.connection.RealConnection.connectSocket(RealConnection.java:238)at okhttp3.internal.connection.RealConnection.connect(RealConnection.java:158)at okhttp3.internal.connection.StreamAllocation.findConnection(StreamAllocation.java:256)at okhttp3.internal.connection.StreamAllocation.findHealthyConnection(StreamAllocation.java:134)at okhttp3.internal.connection.StreamAllocation.newStream(StreamAllocation.java:113)at okhttp3.internal.connection.ConnectInterceptor.intercept(ConnectInterceptor.java:42)at okhttp3.internal.http.RealInterceptorChain.proceed(RealInterceptorChain.java:147)at okhttp3.internal.http.RealInterceptorChain.proceed(RealInterceptorChain.java:121)at okhttp3.internal.cache.CacheInterceptor.intercept(CacheInterceptor.java:93)at okhttp3.internal.http.RealInterceptorChain.proceed(RealInterceptorChain.java:147)at okhttp3.internal.http.RealInterceptorChain.proceed(RealInterceptorChain.java:121)at okhttp3.internal.http.BridgeInterceptor.intercept(BridgeInterceptor.java:93)at okhttp3.internal.http.RealInterceptorChain.proceed(RealInterceptorChain.java:147)at okhttp3.internal.http.RetryAndFollowUpInterceptor.intercept(RetryAndFollowUpInterceptor.java:125)at okhttp3.internal.http.RealInterceptorChain.proceed(RealInterceptorChain.java:147)at okhttp3.internal.http.RealInterceptorChain.proceed(RealInterceptorChain.java:121)at okhttp3.RealCall.getResponseWithInterceptorChain(RealCall.java:200)at okhttp3.RealCall.execute(RealCall.java:77)at org.openqa.selenium.remote.internal.OkHttpClient.execute(OkHttpClient.java:105)at org.openqa.selenium.remote.ProtocolHandshake.createSession(ProtocolHandshake.java:101)at java.base/jdk.internal.reflect.NativeMethodAccessorImpl.invoke0(Native Method)at java.base/jdk.internal.reflect.NativeMethodAccessorImpl.invoke(NativeMethodAccessorImpl.java:62)at java.base/jdk.internal.reflect.DelegatingMethodAccessorImpl.invoke(DelegatingMethodAccessorImpl.java:43)at java.base/java.lang.reflect.Method.invoke(Method.java:566)at io.appium.java_client.remote.AppiumCommandExecutor$1.createSession(AppiumCommandExecutor.java:185)at io.appium.java_client.remote.AppiumCommandExecutor.createSession(AppiumCommandExecutor.java:209)at io.appium.java_client.remote.AppiumCommandExecutor.execute(AppiumCommandExecutor.java:231)... 34 more]]>
            </full-stacktrace>
          </exception> <!-- org.openqa.selenium.WebDriverException -->
          <reporter-output>
          </reporter-output>
        </test-method> <!-- setup -->
        <test-method is-config="true" signature="tearDown()[pri:0, instance:org.testing.gacha.Case.befClass@31f9b85e]" started-at="2020-06-02T18:25:34Z" name="tearDown" finished-at="2020-06-02T18:25:34Z" duration-ms="0" status="SKIP">
          <reporter-output>
          </reporter-output>
        </test-method> <!-- tearDown -->
      </class> <!-- org.testing.gacha.Case.befClass -->
      <class name="org.testing.gacha.Case.login">
        <test-method signature="plus()[pri:1, instance:org.testing.gacha.Case.login@424e1977]" started-at="2020-06-02T18:25:34Z" name="plus" finished-at="2020-06-02T18:25:34Z" duration-ms="0" status="SKIP">
          <exception class="org.openqa.selenium.WebDriverException">
            <message>
              <![CDATA[Connection refused (Connection refused)Build info: version: '3.12.0', revision: '7c6e0b3', time: '2018-05-08T14:04:26.12Z'System info: host: 'localhost', ip: '127.0.0.1', os.name: 'Mac OS X', os.arch: 'x86_64', os.version: '10.14.6', java.version: '11.0.4'Driver info: driver.version: AndroidDriver]]>
            </message>
            <full-stacktrace>
              <![CDATA[org.openqa.selenium.WebDriverException: Connection refused (Connection refused)Build info: version: '3.12.0', revision: '7c6e0b3', time: '2018-05-08T14:04:26.12Z'System info: host: 'localhost', ip: '127.0.0.1', os.name: 'Mac OS X', os.arch: 'x86_64', os.version: '10.14.6', java.version: '11.0.4'Driver info: driver.version: AndroidDriverat io.appium.java_client.remote.AppiumCommandExecutor.lambda$2(AppiumCommandExecutor.java:243)at java.base/java.util.Optional.orElseGet(Optional.java:369)at io.appium.java_client.remote.AppiumCommandExecutor.execute(AppiumCommandExecutor.java:242)at org.openqa.selenium.remote.RemoteWebDriver.execute(RemoteWebDriver.java:543)at io.appium.java_client.DefaultGenericMobileDriver.execute(DefaultGenericMobileDriver.java:42)at io.appium.java_client.AppiumDriver.execute(AppiumDriver.java:1)at io.appium.java_client.android.AndroidDriver.execute(AndroidDriver.java:1)at org.openqa.selenium.remote.RemoteWebDriver.startSession(RemoteWebDriver.java:207)at org.openqa.selenium.remote.RemoteWebDriver.<init>(RemoteWebDriver.java:130)at io.appium.java_client.DefaultGenericMobileDriver.<init>(DefaultGenericMobileDriver.java:38)at io.appium.java_client.AppiumDriver.<init>(AppiumDriver.java:84)at io.appium.java_client.AppiumDriver.<init>(AppiumDriver.java:94)at io.appium.java_client.android.AndroidDriver.<init>(AndroidDriver.java:93)at org.testing.gacha.Case.befClass.setup(befClass.java:66)at java.base/jdk.internal.reflect.NativeMethodAccessorImpl.invoke0(Native Method)at java.base/jdk.internal.reflect.NativeMethodAccessorImpl.invoke(NativeMethodAccessorImpl.java:62)at java.base/jdk.internal.reflect.DelegatingMethodAccessorImpl.invoke(DelegatingMethodAccessorImpl.java:43)at java.base/java.lang.reflect.Method.invoke(Method.java:566)at org.testng.internal.MethodInvocationHelper.invokeMethod(MethodInvocationHelper.java:124)at org.testng.internal.MethodInvocationHelper.invokeMethodConsideringTimeout(MethodInvocationHelper.java:59)at org.testng.internal.Invoker.invokeConfigurationMethod(Invoker.java:451)at org.testng.internal.Invoker.invokeConfigurations(Invoker.java:222)at org.testng.internal.Invoker.invokeConfigurations(Invoker.java:142)at org.testng.TestRunner.beforeRun(TestRunner.java:529)at org.testng.TestRunner.run(TestRunner.java:497)at org.testng.SuiteRunner.runTest(SuiteRunner.java:455)at org.testng.SuiteRunner.runSequentially(SuiteRunner.java:450)at org.testng.SuiteRunner.privateRun(SuiteRunner.java:415)at org.testng.SuiteRunner.run(SuiteRunner.java:364)at org.testng.SuiteRunnerWorker.runSuite(SuiteRunnerWorker.java:52)at org.testng.SuiteRunnerWorker.run(SuiteRunnerWorker.java:84)at org.testng.TestNG.runSuitesSequentially(TestNG.java:1187)at org.testng.TestNG.runSuitesLocally(TestNG.java:1116)at org.testng.TestNG.runSuites(TestNG.java:1028)at org.testng.TestNG.run(TestNG.java:996)at org.testng.IDEARemoteTestNG.run(IDEARemoteTestNG.java:73)at org.testng.RemoteTestNGStarter.main(RemoteTestNGStarter.java:123)Caused by: java.net.ConnectException: Connection refused (Connection refused)at java.base/java.net.PlainSocketImpl.socketConnect(Native Method)at java.base/java.net.AbstractPlainSocketImpl.doConnect(AbstractPlainSocketImpl.java:399)at java.base/java.net.AbstractPlainSocketImpl.connectToAddress(AbstractPlainSocketImpl.java:242)at java.base/java.net.AbstractPlainSocketImpl.connect(AbstractPlainSocketImpl.java:224)at java.base/java.net.SocksSocketImpl.connect(SocksSocketImpl.java:403)at java.base/java.net.Socket.connect(Socket.java:591)at okhttp3.internal.platform.Platform.connectSocket(Platform.java:125)at okhttp3.internal.connection.RealConnection.connectSocket(RealConnection.java:238)at okhttp3.internal.connection.RealConnection.connect(RealConnection.java:158)at okhttp3.internal.connection.StreamAllocation.findConnection(StreamAllocation.java:256)at okhttp3.internal.connection.StreamAllocation.findHealthyConnection(StreamAllocation.java:134)at okhttp3.internal.connection.StreamAllocation.newStream(StreamAllocation.java:113)at okhttp3.internal.connection.ConnectInterceptor.intercept(ConnectInterceptor.java:42)at okhttp3.internal.http.RealInterceptorChain.proceed(RealInterceptorChain.java:147)at okhttp3.internal.http.RealInterceptorChain.proceed(RealInterceptorChain.java:121)at okhttp3.internal.cache.CacheInterceptor.intercept(CacheInterceptor.java:93)at okhttp3.internal.http.RealInterceptorChain.proceed(RealInterceptorChain.java:147)at okhttp3.internal.http.RealInterceptorChain.proceed(RealInterceptorChain.java:121)at okhttp3.internal.http.BridgeInterceptor.intercept(BridgeInterceptor.java:93)at okhttp3.internal.http.RealInterceptorChain.proceed(RealInterceptorChain.java:147)at okhttp3.internal.http.RetryAndFollowUpInterceptor.intercept(RetryAndFollowUpInterceptor.java:125)at okhttp3.internal.http.RealInterceptorChain.proceed(RealInterceptorChain.java:147)at okhttp3.internal.http.RealInterceptorChain.proceed(RealInterceptorChain.java:121)at okhttp3.RealCall.getResponseWithInterceptorChain(RealCall.java:200)at okhttp3.RealCall.execute(RealCall.java:77)at org.openqa.selenium.remote.internal.OkHttpClient.execute(OkHttpClient.java:105)at org.openqa.selenium.remote.ProtocolHandshake.createSession(ProtocolHandshake.java:101)at java.base/jdk.internal.reflect.NativeMethodAccessorImpl.invoke0(Native Method)at java.base/jdk.internal.reflect.NativeMethodAccessorImpl.invoke(NativeMethodAccessorImpl.java:62)at java.base/jdk.internal.reflect.DelegatingMethodAccessorImpl.invoke(DelegatingMethodAccessorImpl.java:43)at java.base/java.lang.reflect.Method.invoke(Method.java:566)at io.appium.java_client.remote.AppiumCommandExecutor$1.createSession(AppiumCommandExecutor.java:185)at io.appium.java_client.remote.AppiumCommandExecutor.createSession(AppiumCommandExecutor.java:209)at io.appium.java_client.remote.AppiumCommandExecutor.execute(AppiumCommandExecutor.java:231)... 34 more]]>
            </full-stacktrace>
          </exception> <!-- org.openqa.selenium.WebDriverException -->
          <reporter-output>
          </reporter-output>
        </test-method> <!-- plus -->
        <test-method signature="login()[pri:2, instance:org.testing.gacha.Case.login@424e1977]" started-at="2020-06-02T18:25:34Z" name="login" finished-at="2020-06-02T18:25:34Z" duration-ms="0" status="SKIP">
          <exception class="org.openqa.selenium.WebDriverException">
            <message>
              <![CDATA[Connection refused (Connection refused)Build info: version: '3.12.0', revision: '7c6e0b3', time: '2018-05-08T14:04:26.12Z'System info: host: 'localhost', ip: '127.0.0.1', os.name: 'Mac OS X', os.arch: 'x86_64', os.version: '10.14.6', java.version: '11.0.4'Driver info: driver.version: AndroidDriver]]>
            </message>
            <full-stacktrace>
              <![CDATA[org.openqa.selenium.WebDriverException: Connection refused (Connection refused)Build info: version: '3.12.0', revision: '7c6e0b3', time: '2018-05-08T14:04:26.12Z'System info: host: 'localhost', ip: '127.0.0.1', os.name: 'Mac OS X', os.arch: 'x86_64', os.version: '10.14.6', java.version: '11.0.4'Driver info: driver.version: AndroidDriverat io.appium.java_client.remote.AppiumCommandExecutor.lambda$2(AppiumCommandExecutor.java:243)at java.base/java.util.Optional.orElseGet(Optional.java:369)at io.appium.java_client.remote.AppiumCommandExecutor.execute(AppiumCommandExecutor.java:242)at org.openqa.selenium.remote.RemoteWebDriver.execute(RemoteWebDriver.java:543)at io.appium.java_client.DefaultGenericMobileDriver.execute(DefaultGenericMobileDriver.java:42)at io.appium.java_client.AppiumDriver.execute(AppiumDriver.java:1)at io.appium.java_client.android.AndroidDriver.execute(AndroidDriver.java:1)at org.openqa.selenium.remote.RemoteWebDriver.startSession(RemoteWebDriver.java:207)at org.openqa.selenium.remote.RemoteWebDriver.<init>(RemoteWebDriver.java:130)at io.appium.java_client.DefaultGenericMobileDriver.<init>(DefaultGenericMobileDriver.java:38)at io.appium.java_client.AppiumDriver.<init>(AppiumDriver.java:84)at io.appium.java_client.AppiumDriver.<init>(AppiumDriver.java:94)at io.appium.java_client.android.AndroidDriver.<init>(AndroidDriver.java:93)at org.testing.gacha.Case.befClass.setup(befClass.java:66)at java.base/jdk.internal.reflect.NativeMethodAccessorImpl.invoke0(Native Method)at java.base/jdk.internal.reflect.NativeMethodAccessorImpl.invoke(NativeMethodAccessorImpl.java:62)at java.base/jdk.internal.reflect.DelegatingMethodAccessorImpl.invoke(DelegatingMethodAccessorImpl.java:43)at java.base/java.lang.reflect.Method.invoke(Method.java:566)at org.testng.internal.MethodInvocationHelper.invokeMethod(MethodInvocationHelper.java:124)at org.testng.internal.MethodInvocationHelper.invokeMethodConsideringTimeout(MethodInvocationHelper.java:59)at org.testng.internal.Invoker.invokeConfigurationMethod(Invoker.java:451)at org.testng.internal.Invoker.invokeConfigurations(Invoker.java:222)at org.testng.internal.Invoker.invokeConfigurations(Invoker.java:142)at org.testng.TestRunner.beforeRun(TestRunner.java:529)at org.testng.TestRunner.run(TestRunner.java:497)at org.testng.SuiteRunner.runTest(SuiteRunner.java:455)at org.testng.SuiteRunner.runSequentially(SuiteRunner.java:450)at org.testng.SuiteRunner.privateRun(SuiteRunner.java:415)at org.testng.SuiteRunner.run(SuiteRunner.java:364)at org.testng.SuiteRunnerWorker.runSuite(SuiteRunnerWorker.java:52)at org.testng.SuiteRunnerWorker.run(SuiteRunnerWorker.java:84)at org.testng.TestNG.runSuitesSequentially(TestNG.java:1187)at org.testng.TestNG.runSuitesLocally(TestNG.java:1116)at org.testng.TestNG.runSuites(TestNG.java:1028)at org.testng.TestNG.run(TestNG.java:996)at org.testng.IDEARemoteTestNG.run(IDEARemoteTestNG.java:73)at org.testng.RemoteTestNGStarter.main(RemoteTestNGStarter.java:123)Caused by: java.net.ConnectException: Connection refused (Connection refused)at java.base/java.net.PlainSocketImpl.socketConnect(Native Method)at java.base/java.net.AbstractPlainSocketImpl.doConnect(AbstractPlainSocketImpl.java:399)at java.base/java.net.AbstractPlainSocketImpl.connectToAddress(AbstractPlainSocketImpl.java:242)at java.base/java.net.AbstractPlainSocketImpl.connect(AbstractPlainSocketImpl.java:224)at java.base/java.net.SocksSocketImpl.connect(SocksSocketImpl.java:403)at java.base/java.net.Socket.connect(Socket.java:591)at okhttp3.internal.platform.Platform.connectSocket(Platform.java:125)at okhttp3.internal.connection.RealConnection.connectSocket(RealConnection.java:238)at okhttp3.internal.connection.RealConnection.connect(RealConnection.java:158)at okhttp3.internal.connection.StreamAllocation.findConnection(StreamAllocation.java:256)at okhttp3.internal.connection.StreamAllocation.findHealthyConnection(StreamAllocation.java:134)at okhttp3.internal.connection.StreamAllocation.newStream(StreamAllocation.java:113)at okhttp3.internal.connection.ConnectInterceptor.intercept(ConnectInterceptor.java:42)at okhttp3.internal.http.RealInterceptorChain.proceed(RealInterceptorChain.java:147)at okhttp3.internal.http.RealInterceptorChain.proceed(RealInterceptorChain.java:121)at okhttp3.internal.cache.CacheInterceptor.intercept(CacheInterceptor.java:93)at okhttp3.internal.http.RealInterceptorChain.proceed(RealInterceptorChain.java:147)at okhttp3.internal.http.RealInterceptorChain.proceed(RealInterceptorChain.java:121)at okhttp3.internal.http.BridgeInterceptor.intercept(BridgeInterceptor.java:93)at okhttp3.internal.http.RealInterceptorChain.proceed(RealInterceptorChain.java:147)at okhttp3.internal.http.RetryAndFollowUpInterceptor.intercept(RetryAndFollowUpInterceptor.java:125)at okhttp3.internal.http.RealInterceptorChain.proceed(RealInterceptorChain.java:147)at okhttp3.internal.http.RealInterceptorChain.proceed(RealInterceptorChain.java:121)at okhttp3.RealCall.getResponseWithInterceptorChain(RealCall.java:200)at okhttp3.RealCall.execute(RealCall.java:77)at org.openqa.selenium.remote.internal.OkHttpClient.execute(OkHttpClient.java:105)at org.openqa.selenium.remote.ProtocolHandshake.createSession(ProtocolHandshake.java:101)at java.base/jdk.internal.reflect.NativeMethodAccessorImpl.invoke0(Native Method)at java.base/jdk.internal.reflect.NativeMethodAccessorImpl.invoke(NativeMethodAccessorImpl.java:62)at java.base/jdk.internal.reflect.DelegatingMethodAccessorImpl.invoke(DelegatingMethodAccessorImpl.java:43)at java.base/java.lang.reflect.Method.invoke(Method.java:566)at io.appium.java_client.remote.AppiumCommandExecutor$1.createSession(AppiumCommandExecutor.java:185)at io.appium.java_client.remote.AppiumCommandExecutor.createSession(AppiumCommandExecutor.java:209)at io.appium.java_client.remote.AppiumCommandExecutor.execute(AppiumCommandExecutor.java:231)... 34 more]]>
            </full-stacktrace>
          </exception> <!-- org.openqa.selenium.WebDriverException -->
          <reporter-output>
          </reporter-output>
        </test-method> <!-- login -->
      </class> <!-- org.testing.gacha.Case.login -->
    </test> <!-- /Users/itszb/IdeaProjects/autoTest -->
  </suite> <!-- All Test Suite -->
</testng-results>
