<?xml version="1.0" encoding="UTF-8"?>
<!-- Generated by org.testng.reporters.JUnitReportReporter -->
<testsuite hostname="localhost" failures="0" tests="2" name="org.testing.gacha.Case.login" time="0.000" errors="0" timestamp="02 6月 2020 10:25:35 GMT" skipped="2">
  <testcase classname="org.testing.gacha.Case.login" name="plus" time="0.000">
    <skipped/>
  </testcase> <!-- plus -->
  <testcase classname="org.testing.gacha.Case.login" name="login" time="0.000">
    <skipped/>
  </testcase> <!-- login -->
</testsuite> <!-- org.testing.gacha.Case.login -->
